Using pre-set license
Built from '2021.3/staging' branch; Version is '2021.3.15f1 (e8e88683f834) revision 15263878'; Using compiler version '192829333'; Build Type 'Release'
OS: 'Windows 10  (10.0.19045) 64bit Core' Language: 'de' Physical Memory: 24453 MB
BatchMode: 1, IsHumanControllingUs: 0, StartBugReporterOnCrash: 0, Is64bit: 1, IsPro: 1

COMMAND LINE ARGUMENTS:
C:\Program Files\Unity\Hub\Editor\2021.3.15f1\Editor\Unity.exe
-adb2
-batchMode
-noUpm
-name
AssetImportWorker2
-projectPath
D:/GameJams/GameDevWeek/ON_SheepWalk
-logFile
Logs/AssetImportWorker2.log
-srvPort
53856
Successfully changed project path to: D:/GameJams/GameDevWeek/ON_SheepWalk
D:/GameJams/GameDevWeek/ON_SheepWalk
[UnityMemory] Configuration Parameters - Can be set up in boot.config
    "memorysetup-bucket-allocator-granularity=16"
    "memorysetup-bucket-allocator-bucket-count=8"
    "memorysetup-bucket-allocator-block-size=33554432"
    "memorysetup-bucket-allocator-block-count=8"
    "memorysetup-main-allocator-block-size=16777216"
    "memorysetup-thread-allocator-block-size=16777216"
    "memorysetup-gfx-main-allocator-block-size=16777216"
    "memorysetup-gfx-thread-allocator-block-size=16777216"
    "memorysetup-cache-allocator-block-size=4194304"
    "memorysetup-typetree-allocator-block-size=2097152"
    "memorysetup-profiler-bucket-allocator-granularity=16"
    "memorysetup-profiler-bucket-allocator-bucket-count=8"
    "memorysetup-profiler-bucket-allocator-block-size=33554432"
    "memorysetup-profiler-bucket-allocator-block-count=8"
    "memorysetup-profiler-allocator-block-size=16777216"
    "memorysetup-profiler-editor-allocator-block-size=1048576"
    "memorysetup-temp-allocator-size-main=16777216"
    "memorysetup-job-temp-allocator-block-size=2097152"
    "memorysetup-job-temp-allocator-block-size-background=1048576"
    "memorysetup-job-temp-allocator-reduction-small-platforms=262144"
    "memorysetup-temp-allocator-size-background-worker=32768"
    "memorysetup-temp-allocator-size-job-worker=262144"
    "memorysetup-temp-allocator-size-preload-manager=33554432"
    "memorysetup-temp-allocator-size-nav-mesh-worker=65536"
    "memorysetup-temp-allocator-size-audio-worker=65536"
    "memorysetup-temp-allocator-size-cloud-worker=32768"
    "memorysetup-temp-allocator-size-gi-baking-worker=262144"
    "memorysetup-temp-allocator-size-gfx=262144"
Player connection [4608] Host "[IP] 10.1.241.206 [Port] 0 [Flags] 2 [Guid] 1828582483 [EditorId] 1828582483 [Version] 1048832 [Id] WindowsEditor(7,LAPTOP-HC01KAE0) [Debug] 1 [PackageName] WindowsEditor [ProjectName] Editor" joined multi-casting on [225.0.0.222:54997]...

Player connection [4608] Host "[IP] 10.1.241.206 [Port] 0 [Flags] 2 [Guid] 1828582483 [EditorId] 1828582483 [Version] 1048832 [Id] WindowsEditor(7,LAPTOP-HC01KAE0) [Debug] 1 [PackageName] WindowsEditor [ProjectName] Editor" joined alternative multi-casting on [225.0.0.222:34997]...

Refreshing native plugins compatible for Editor in 76.10 ms, found 3 plugins.
Preloading 0 native plugins for Editor in 0.00 ms.
Initialize engine version: 2021.3.15f1 (e8e88683f834)
[Subsystems] Discovering subsystems at path C:/Program Files/Unity/Hub/Editor/2021.3.15f1/Editor/Data/Resources/UnitySubsystems
[Subsystems] Discovering subsystems at path D:/GameJams/GameDevWeek/ON_SheepWalk/Assets
GfxDevice: creating device client; threaded=0; jobified=0
Direct3D:
    Version:  Direct3D 11.0 [level 11.1]
    Renderer: NVIDIA GeForce GTX 1660 Ti (ID=0x2191)
    Vendor:   NVIDIA
    VRAM:     5991 MB
    Driver:   30.0.15.1278
Initialize mono
Mono path[0] = 'C:/Program Files/Unity/Hub/Editor/2021.3.15f1/Editor/Data/Managed'
Mono path[1] = 'C:/Program Files/Unity/Hub/Editor/2021.3.15f1/Editor/Data/MonoBleedingEdge/lib/mono/unityjit-win32'
Mono config path = 'C:/Program Files/Unity/Hub/Editor/2021.3.15f1/Editor/Data/MonoBleedingEdge/etc'
Using monoOptions --debugger-agent=transport=dt_socket,embedding=1,server=y,suspend=n,address=127.0.0.1:56592
Begin MonoManager ReloadAssembly
Registering precompiled unity dll's ...
Register platform support module: C:/Program Files/Unity/Hub/Editor/2021.3.15f1/Editor/Data/PlaybackEngines/WindowsStandaloneSupport/UnityEditor.WindowsStandalone.Extensions.dll
Registered in 0.010870 seconds.
Native extension for WindowsStandalone target not found
Refreshing native plugins compatible for Editor in 69.08 ms, found 3 plugins.
Preloading 0 native plugins for Editor in 0.00 ms.
Mono: successfully reloaded assembly
- Completed reload, in  0.686 seconds
Domain Reload Profiling:
	ReloadAssembly (686ms)
		BeginReloadAssembly (100ms)
			ExecutionOrderSort (0ms)
			DisableScriptedObjects (0ms)
			BackupInstance (0ms)
			ReleaseScriptingObjects (0ms)
			CreateAndSetChildDomain (1ms)
		EndReloadAssembly (459ms)
			LoadAssemblies (96ms)
			RebuildTransferFunctionScriptingTraits (0ms)
			SetupTypeCache (104ms)
			ReleaseScriptCaches (0ms)
			RebuildScriptCaches (36ms)
			SetupLoadedEditorAssemblies (266ms)
				LogAssemblyErrors (0ms)
				InitializePlatformSupportModulesInManaged (9ms)
				SetLoadedEditorAssemblies (0ms)
				RefreshPlugins (69ms)
				BeforeProcessingInitializeOnLoad (2ms)
				ProcessInitializeOnLoadAttributes (140ms)
				ProcessInitializeOnLoadMethodAttributes (45ms)
				AfterProcessingInitializeOnLoad (0ms)
				EditorAssembliesLoaded (0ms)
			ExecutionOrderSort2 (0ms)
			AwakeInstancesAfterBackupRestoration (0ms)
Platform modules already initialized, skipping
Registering precompiled user dll's ...
Registered in 0.004819 seconds.
Begin MonoManager ReloadAssembly
Symbol file LoadedFromMemory doesn't match image D:\GameJams\GameDevWeek\ON_SheepWalk\Library\PackageCache\com.unity.visualscripting@1.8.0\Editor\VisualScripting.Core\Dependencies\YamlDotNet\Unity.VisualScripting.YamlDotNet.dll
Symbol file LoadedFromMemory doesn't match image D:\GameJams\GameDevWeek\ON_SheepWalk\Library\PackageCache\com.unity.visualscripting@1.8.0\Editor\VisualScripting.Core\Dependencies\DotNetZip\Unity.VisualScripting.IonicZip.dll
Native extension for WindowsStandalone target not found
Refreshing native plugins compatible for Editor in 0.44 ms, found 3 plugins.
Preloading 0 native plugins for Editor in 0.00 ms.
Mono: successfully reloaded assembly
- Completed reload, in  1.016 seconds
Domain Reload Profiling:
	ReloadAssembly (1017ms)
		BeginReloadAssembly (125ms)
			ExecutionOrderSort (0ms)
			DisableScriptedObjects (6ms)
			BackupInstance (0ms)
			ReleaseScriptingObjects (0ms)
			CreateAndSetChildDomain (19ms)
		EndReloadAssembly (769ms)
			LoadAssemblies (91ms)
			RebuildTransferFunctionScriptingTraits (0ms)
			SetupTypeCache (261ms)
			ReleaseScriptCaches (1ms)
			RebuildScriptCaches (47ms)
			SetupLoadedEditorAssemblies (343ms)
				LogAssemblyErrors (0ms)
				InitializePlatformSupportModulesInManaged (7ms)
				SetLoadedEditorAssemblies (1ms)
				RefreshPlugins (1ms)
				BeforeProcessingInitializeOnLoad (80ms)
				ProcessInitializeOnLoadAttributes (221ms)
				ProcessInitializeOnLoadMethodAttributes (20ms)
				AfterProcessingInitializeOnLoad (14ms)
				EditorAssembliesLoaded (0ms)
			ExecutionOrderSort2 (0ms)
			AwakeInstancesAfterBackupRestoration (6ms)
Platform modules already initialized, skipping
========================================================================
Worker process is ready to serve import requests
Launched and connected shader compiler UnityShaderCompiler.exe after 0.05 seconds
Refreshing native plugins compatible for Editor in 0.74 ms, found 3 plugins.
Preloading 0 native plugins for Editor in 0.00 ms.
Unloading 3059 Unused Serialized files (Serialized files now loaded: 0)
Unloading 23 unused Assets / (56.1 KB). Loaded Objects now: 3520.
Memory consumption went from 108.0 MB to 108.0 MB.
Total: 3.956500 ms (FindLiveObjects: 0.238700 ms CreateObjectMapping: 0.196400 ms MarkObjects: 3.437300 ms  DeleteObjects: 0.082900 ms)

AssetImportParameters requested are different than current active one (requested -> active):
  custom:video-decoder-ogg-theora: a1e56fd34408186e4bbccfd4996cb3dc -> 
  custom:container-muxer-webm: aa71ff27fc2769a1b78a27578f13a17b -> 
  custom:container-demuxer-webm: 4f35f7cbe854078d1ac9338744f61a02 -> 
  custom:video-encoder-webm-vp8: eb34c28f22e8b96e1ab97ce403110664 -> 
  custom:video-codec-MediaFoundation-h265: 746d11721c4dcdbdad8f713fa42b33f4 -> 
  custom:audio-encoder-webm-vorbis: bf7c407c2cedff20999df2af8eb42d56 -> 
  custom:framework-win-MediaFoundation: 216162199b28c13a410421893ffa2e32 -> 
  custom:container-demuxer-ogg: 62fdf1f143b41e24485cea50d1cbac27 -> 
  custom:video-decoder-webm-vp8: 9c59270c3fd7afecdb556c50c9e8de78 -> 
  custom:audio-decoder-ogg-vorbis: bf7c407c2cedff20999df2af8eb42d56 -> 
========================================================================
Received Import Request.
  Time since last request: 12871.764850 seconds.
  path: Assets/_Sheepwalk/Assets/Materials/Textures
  artifactKey: Guid(3910a7aca9129304cbd3957af5c10562) Importer(815301076,1909f56bfc062723c751e8b465ee728b)
Start importing Assets/_Sheepwalk/Assets/Materials/Textures using Guid(3910a7aca9129304cbd3957af5c10562) Importer(815301076,1909f56bfc062723c751e8b465ee728b)  -> (artifact id: '5099ba34110a00676826bd208a31043e') in 0.010173 seconds 
========================================================================
Received Import Request.
  Time since last request: 11.950669 seconds.
  path: Assets/_Sheepwalk/Assets/Materials/Textures/Plattest_Basecol.png
  artifactKey: Guid(e509952c84d91ba448ced695ea0e6637) Importer(815301076,1909f56bfc062723c751e8b465ee728b)
Start importing Assets/_Sheepwalk/Assets/Materials/Textures/Plattest_Basecol.png using Guid(e509952c84d91ba448ced695ea0e6637) Importer(815301076,1909f56bfc062723c751e8b465ee728b)  -> (artifact id: 'da72f479de32dcf1d62d4d915e89f83a') in 0.080894 seconds 
========================================================================
Received Import Request.
  Time since last request: 38.174799 seconds.
  path: Packages/com.unity.textmeshpro/Editor Resources/Textures/btn_AlignFlush.psd
  artifactKey: Guid(691475c57a824010be0c6f474caeb7e1) Importer(815301076,1909f56bfc062723c751e8b465ee728b)
Start importing Packages/com.unity.textmeshpro/Editor Resources/Textures/btn_AlignFlush.psd using Guid(691475c57a824010be0c6f474caeb7e1) Importer(815301076,1909f56bfc062723c751e8b465ee728b)  -> (artifact id: '8264c5febf274953dc7d038dc5887683') in 0.017144 seconds 
========================================================================
Received Import Request.
  Time since last request: 0.097998 seconds.
  path: Packages/com.unity.textmeshpro/Editor Resources/Textures/btn_AlignJustified.psd
  artifactKey: Guid(92027f7f8cfc4feaa477da0dc38d3d46) Importer(815301076,1909f56bfc062723c751e8b465ee728b)
Start importing Packages/com.unity.textmeshpro/Editor Resources/Textures/btn_AlignJustified.psd using Guid(92027f7f8cfc4feaa477da0dc38d3d46) Importer(815301076,1909f56bfc062723c751e8b465ee728b)  -> (artifact id: 'f47a56d1a268b7e23faf3ffd23d9a3b7') in 0.009139 seconds 
========================================================================
Received Import Request.
  Time since last request: 243.237366 seconds.
  path: Assets/_Sheepwalk/Assets/Materials/M_Plattest.shader
  artifactKey: Guid(58e5f81aa58c19d499dce95e56b973b2) Importer(815301076,1909f56bfc062723c751e8b465ee728b)
Start importing Assets/_Sheepwalk/Assets/Materials/M_Plattest.shader using Guid(58e5f81aa58c19d499dce95e56b973b2) Importer(815301076,1909f56bfc062723c751e8b465ee728b)  -> (artifact id: '5ce20c6eb2058cc1bbab6cf07fed5084') in 0.008684 seconds 
========================================================================
Received Import Request.
  Time since last request: 4.032122 seconds.
  path: Assets/_Sheepwalk/Assets/Materials/MS_Plattest.shader
  artifactKey: Guid(58e5f81aa58c19d499dce95e56b973b2) Importer(815301076,1909f56bfc062723c751e8b465ee728b)
Start importing Assets/_Sheepwalk/Assets/Materials/MS_Plattest.shader using Guid(58e5f81aa58c19d499dce95e56b973b2) Importer(815301076,1909f56bfc062723c751e8b465ee728b)  -> (artifact id: '830aa7dddcf0b44fd20b1e0c4cc91c77') in 0.003672 seconds 
========================================================================
Received Import Request.
  Time since last request: 120.012890 seconds.
  path: Assets/_Sheepwalk/Assets/Materials/Textures/Plattest_DiffuseAlpha.png
  artifactKey: Guid(f1f799df39ad96947bd1098689edf661) Importer(815301076,1909f56bfc062723c751e8b465ee728b)
Start importing Assets/_Sheepwalk/Assets/Materials/Textures/Plattest_DiffuseAlpha.png using Guid(f1f799df39ad96947bd1098689edf661) Importer(815301076,1909f56bfc062723c751e8b465ee728b)  -> (artifact id: '205699e08457f4a32b1b00843618c0ac') in 0.018243 seconds 
========================================================================
Received Import Request.
  Time since last request: 27.326097 seconds.
  path: Assets/_Sheepwalk/Assets/Materials/Textures/Plattest_DiffuseAlpha.png
  artifactKey: Guid(f1f799df39ad96947bd1098689edf661) Importer(815301076,1909f56bfc062723c751e8b465ee728b)
Start importing Assets/_Sheepwalk/Assets/Materials/Textures/Plattest_DiffuseAlpha.png using Guid(f1f799df39ad96947bd1098689edf661) Importer(815301076,1909f56bfc062723c751e8b465ee728b)  -> (artifact id: '745b87a19946c3a4021eb8ff32821848') in 0.011298 seconds 
========================================================================
Received Import Request.
  Time since last request: 33.526577 seconds.
  path: Assets/_Sheepwalk/Assets/Materials/Textures/Plattest_DiffuseAlpha.png
  artifactKey: Guid(f1f799df39ad96947bd1098689edf661) Importer(815301076,1909f56bfc062723c751e8b465ee728b)
Start importing Assets/_Sheepwalk/Assets/Materials/Textures/Plattest_DiffuseAlpha.png using Guid(f1f799df39ad96947bd1098689edf661) Importer(815301076,1909f56bfc062723c751e8b465ee728b)  -> (artifact id: 'f7488e4f986dff2e1620102d98563e83') in 0.024123 seconds 
========================================================================
Received Import Request.
  Time since last request: 45.900235 seconds.
  path: Assets/_Sheepwalk/Assets/Materials/Textures/Plattest_DiffuseAlpha.png
  artifactKey: Guid(f1f799df39ad96947bd1098689edf661) Importer(815301076,1909f56bfc062723c751e8b465ee728b)
Start importing Assets/_Sheepwalk/Assets/Materials/Textures/Plattest_DiffuseAlpha.png using Guid(f1f799df39ad96947bd1098689edf661) Importer(815301076,1909f56bfc062723c751e8b465ee728b)  -> (artifact id: '76b4fbbca81a2dee3f361a64f463f403') in 0.010137 seconds 
========================================================================
Received Import Request.
  Time since last request: 185.726458 seconds.
  path: Assets/_Sheepwalk/Assets/Placeholder/Small Platform.prefab
  artifactKey: Guid(284bb23ee9fbe0349824288549d1bb42) Importer(815301076,1909f56bfc062723c751e8b465ee728b)
Start importing Assets/_Sheepwalk/Assets/Placeholder/Small Platform.prefab using Guid(284bb23ee9fbe0349824288549d1bb42) Importer(815301076,1909f56bfc062723c751e8b465ee728b)  -> (artifact id: '7a2297979a522fc06f23ebd3662e12b7') in 0.012651 seconds 
========================================================================
Received Import Request.
  Time since last request: 8.791762 seconds.
  path: Assets/_Sheepwalk/Assets/Placeholder/Small Platform.prefab
  artifactKey: Guid(284bb23ee9fbe0349824288549d1bb42) Importer(815301076,1909f56bfc062723c751e8b465ee728b)
Start importing Assets/_Sheepwalk/Assets/Placeholder/Small Platform.prefab using Guid(284bb23ee9fbe0349824288549d1bb42) Importer(815301076,1909f56bfc062723c751e8b465ee728b)  -> (artifact id: 'd4feb34d0e34ff62d3132cca95ddcf68') in 0.061467 seconds 
========================================================================
Received Import Request.
  Time since last request: 3.376264 seconds.
  path: Assets/_Sheepwalk/Assets/Placeholder/Small Platform.prefab
  artifactKey: Guid(284bb23ee9fbe0349824288549d1bb42) Importer(815301076,1909f56bfc062723c751e8b465ee728b)
Start importing Assets/_Sheepwalk/Assets/Placeholder/Small Platform.prefab using Guid(284bb23ee9fbe0349824288549d1bb42) Importer(815301076,1909f56bfc062723c751e8b465ee728b)  -> (artifact id: 'f63792a7332c070d31ea30c0275bbeb8') in 0.014884 seconds 
========================================================================
Received Import Request.
  Time since last request: 2.841210 seconds.
  path: Assets/_Sheepwalk/Assets/Placeholder/Small Platform.prefab
  artifactKey: Guid(284bb23ee9fbe0349824288549d1bb42) Importer(815301076,1909f56bfc062723c751e8b465ee728b)
Start importing Assets/_Sheepwalk/Assets/Placeholder/Small Platform.prefab using Guid(284bb23ee9fbe0349824288549d1bb42) Importer(815301076,1909f56bfc062723c751e8b465ee728b)  -> (artifact id: '6e2dd6188449cb04a8a96f69553006a4') in 0.009411 seconds 
========================================================================
Received Import Request.
  Time since last request: 6.266299 seconds.
  path: Assets/_Sheepwalk/Assets/Placeholder/Small Platform.prefab
  artifactKey: Guid(284bb23ee9fbe0349824288549d1bb42) Importer(815301076,1909f56bfc062723c751e8b465ee728b)
Start importing Assets/_Sheepwalk/Assets/Placeholder/Small Platform.prefab using Guid(284bb23ee9fbe0349824288549d1bb42) Importer(815301076,1909f56bfc062723c751e8b465ee728b)  -> (artifact id: '84702280ac87a042236bef4cc2f040ca') in 0.012967 seconds 
========================================================================
Received Import Request.
  Time since last request: 6.033628 seconds.
  path: Assets/_Sheepwalk/Assets/Placeholder/Small Platform.prefab
  artifactKey: Guid(284bb23ee9fbe0349824288549d1bb42) Importer(815301076,1909f56bfc062723c751e8b465ee728b)
Start importing Assets/_Sheepwalk/Assets/Placeholder/Small Platform.prefab using Guid(284bb23ee9fbe0349824288549d1bb42) Importer(815301076,1909f56bfc062723c751e8b465ee728b)  -> (artifact id: '0babca1ba96b25034783bf07f2764f07') in 0.011556 seconds 
========================================================================
Received Import Request.
  Time since last request: 1.788280 seconds.
  path: Assets/_Sheepwalk/Assets/Placeholder/Small Platform.prefab
  artifactKey: Guid(284bb23ee9fbe0349824288549d1bb42) Importer(815301076,1909f56bfc062723c751e8b465ee728b)
Start importing Assets/_Sheepwalk/Assets/Placeholder/Small Platform.prefab using Guid(284bb23ee9fbe0349824288549d1bb42) Importer(815301076,1909f56bfc062723c751e8b465ee728b)  -> (artifact id: '2d0bab0d0abe629bf49c1800c7f37936') in 0.010907 seconds 
========================================================================
Received Import Request.
  Time since last request: 5.219694 seconds.
  path: Assets/_Sheepwalk/Assets/Placeholder/Small Platform.prefab
  artifactKey: Guid(284bb23ee9fbe0349824288549d1bb42) Importer(815301076,1909f56bfc062723c751e8b465ee728b)
Start importing Assets/_Sheepwalk/Assets/Placeholder/Small Platform.prefab using Guid(284bb23ee9fbe0349824288549d1bb42) Importer(815301076,1909f56bfc062723c751e8b465ee728b)  -> (artifact id: '0120784b707628087342f72bc2911456') in 0.009971 seconds 
========================================================================
Received Import Request.
  Time since last request: 7.451401 seconds.
  path: Assets/_Sheepwalk/Assets/Placeholder/Small Platform.prefab
  artifactKey: Guid(284bb23ee9fbe0349824288549d1bb42) Importer(815301076,1909f56bfc062723c751e8b465ee728b)
Start importing Assets/_Sheepwalk/Assets/Placeholder/Small Platform.prefab using Guid(284bb23ee9fbe0349824288549d1bb42) Importer(815301076,1909f56bfc062723c751e8b465ee728b)  -> (artifact id: 'e03b510617ef99c43140a62f73dbb984') in 0.009797 seconds 
========================================================================
Received Import Request.
  Time since last request: 18.946177 seconds.
  path: Assets/_Sheepwalk/Assets/Placeholder/Small Platform.prefab
  artifactKey: Guid(284bb23ee9fbe0349824288549d1bb42) Importer(815301076,1909f56bfc062723c751e8b465ee728b)
Start importing Assets/_Sheepwalk/Assets/Placeholder/Small Platform.prefab using Guid(284bb23ee9fbe0349824288549d1bb42) Importer(815301076,1909f56bfc062723c751e8b465ee728b)  -> (artifact id: '7f81d19ad83ba465f53c033c3086171c') in 0.008934 seconds 
========================================================================
Received Import Request.
  Time since last request: 41.472698 seconds.
  path: Assets/_Sheepwalk/Assets/Placeholder/Small Platform.prefab
  artifactKey: Guid(284bb23ee9fbe0349824288549d1bb42) Importer(815301076,1909f56bfc062723c751e8b465ee728b)
Start importing Assets/_Sheepwalk/Assets/Placeholder/Small Platform.prefab using Guid(284bb23ee9fbe0349824288549d1bb42) Importer(815301076,1909f56bfc062723c751e8b465ee728b)  -> (artifact id: '143945ed04193e834abac96ba1ac381d') in 0.231645 seconds 
========================================================================
Received Import Request.
  Time since last request: 28.472844 seconds.
  path: Assets/_Sheepwalk/Assets/Placeholder/Small Platform.prefab
  artifactKey: Guid(284bb23ee9fbe0349824288549d1bb42) Importer(815301076,1909f56bfc062723c751e8b465ee728b)
Start importing Assets/_Sheepwalk/Assets/Placeholder/Small Platform.prefab using Guid(284bb23ee9fbe0349824288549d1bb42) Importer(815301076,1909f56bfc062723c751e8b465ee728b)  -> (artifact id: 'a01698aabe12695e437e6fc7a65dbad4') in 0.016597 seconds 
========================================================================
Received Import Request.
  Time since last request: 2.625964 seconds.
  path: Assets/_Sheepwalk/Assets/Placeholder/Small Platform.prefab
  artifactKey: Guid(284bb23ee9fbe0349824288549d1bb42) Importer(815301076,1909f56bfc062723c751e8b465ee728b)
Start importing Assets/_Sheepwalk/Assets/Placeholder/Small Platform.prefab using Guid(284bb23ee9fbe0349824288549d1bb42) Importer(815301076,1909f56bfc062723c751e8b465ee728b)  -> (artifact id: '6389ab41a714a922a0481f83dda9f42a') in 0.012498 seconds 
========================================================================
Received Import Request.
  Time since last request: 18.821273 seconds.
  path: Assets/_Sheepwalk/Assets/Platforms
  artifactKey: Guid(b4f724ab4dd1e8242a7adbef1e32fe73) Importer(815301076,1909f56bfc062723c751e8b465ee728b)
Start importing Assets/_Sheepwalk/Assets/Platforms using Guid(b4f724ab4dd1e8242a7adbef1e32fe73) Importer(815301076,1909f56bfc062723c751e8b465ee728b)  -> (artifact id: '5b14bbbab21f1a46520e0d5f6d15a545') in 0.002954 seconds 
========================================================================
Received Import Request.
  Time since last request: 56.385980 seconds.
  path: Assets/_Sheepwalk/Assets/Platforms/Medium Platform.prefab
  artifactKey: Guid(cddf73afacff957479db9e47326e283f) Importer(815301076,1909f56bfc062723c751e8b465ee728b)
Start importing Assets/_Sheepwalk/Assets/Platforms/Medium Platform.prefab using Guid(cddf73afacff957479db9e47326e283f) Importer(815301076,1909f56bfc062723c751e8b465ee728b)  -> (artifact id: 'f62521e1b381540779e5e4fde1114238') in 0.006941 seconds 
========================================================================
Received Import Request.
  Time since last request: 7.136563 seconds.
  path: Assets/_Sheepwalk/Assets/Platforms/Medium Platform.prefab
  artifactKey: Guid(cddf73afacff957479db9e47326e283f) Importer(815301076,1909f56bfc062723c751e8b465ee728b)
Start importing Assets/_Sheepwalk/Assets/Platforms/Medium Platform.prefab using Guid(cddf73afacff957479db9e47326e283f) Importer(815301076,1909f56bfc062723c751e8b465ee728b)  -> (artifact id: '93e6d9dde2d4d34e8573244cc0398d36') in 0.011399 seconds 
========================================================================
Received Import Request.
  Time since last request: 1.894250 seconds.
  path: Assets/_Sheepwalk/Assets/Platforms/Medium Platform.prefab
  artifactKey: Guid(cddf73afacff957479db9e47326e283f) Importer(815301076,1909f56bfc062723c751e8b465ee728b)
Start importing Assets/_Sheepwalk/Assets/Platforms/Medium Platform.prefab using Guid(cddf73afacff957479db9e47326e283f) Importer(815301076,1909f56bfc062723c751e8b465ee728b)  -> (artifact id: '018e9d0dfefa6ae94a64b27f5b12ff2a') in 0.010891 seconds 
========================================================================
Received Import Request.
  Time since last request: 1.210041 seconds.
  path: Assets/_Sheepwalk/Assets/Platforms/Medium Platform.prefab
  artifactKey: Guid(cddf73afacff957479db9e47326e283f) Importer(815301076,1909f56bfc062723c751e8b465ee728b)
Start importing Assets/_Sheepwalk/Assets/Platforms/Medium Platform.prefab using Guid(cddf73afacff957479db9e47326e283f) Importer(815301076,1909f56bfc062723c751e8b465ee728b)  -> (artifact id: 'ef39f5d80daa4b6e45ae4ad72385ee59') in 0.009621 seconds 
========================================================================
Received Import Request.
  Time since last request: 2.809715 seconds.
  path: Assets/_Sheepwalk/Assets/Platforms/Medium Platform.prefab
  artifactKey: Guid(cddf73afacff957479db9e47326e283f) Importer(815301076,1909f56bfc062723c751e8b465ee728b)
Start importing Assets/_Sheepwalk/Assets/Platforms/Medium Platform.prefab using Guid(cddf73afacff957479db9e47326e283f) Importer(815301076,1909f56bfc062723c751e8b465ee728b)  -> (artifact id: 'a94564921a7c47fdc553d90880f8f18b') in 0.011522 seconds 
========================================================================
Received Import Request.
  Time since last request: 0.387557 seconds.
  path: Assets/_Sheepwalk/Assets/Platforms/Medium Platform.prefab
  artifactKey: Guid(cddf73afacff957479db9e47326e283f) Importer(815301076,1909f56bfc062723c751e8b465ee728b)
Start importing Assets/_Sheepwalk/Assets/Platforms/Medium Platform.prefab using Guid(cddf73afacff957479db9e47326e283f) Importer(815301076,1909f56bfc062723c751e8b465ee728b)  -> (artifact id: '5c1de046dc27de4dde37a873198039c9') in 0.009470 seconds 
========================================================================
Received Import Request.
  Time since last request: 4.834160 seconds.
  path: Assets/_Sheepwalk/Assets/Platforms/Medium Platform.prefab
  artifactKey: Guid(cddf73afacff957479db9e47326e283f) Importer(815301076,1909f56bfc062723c751e8b465ee728b)
Start importing Assets/_Sheepwalk/Assets/Platforms/Medium Platform.prefab using Guid(cddf73afacff957479db9e47326e283f) Importer(815301076,1909f56bfc062723c751e8b465ee728b)  -> (artifact id: 'cfeaacbe11eb2e72b317c8ecc081e384') in 0.010862 seconds 
========================================================================
Received Import Request.
  Time since last request: 3.001693 seconds.
  path: Assets/_Sheepwalk/Assets/Platforms/Medium Platform.prefab
  artifactKey: Guid(cddf73afacff957479db9e47326e283f) Importer(815301076,1909f56bfc062723c751e8b465ee728b)
Start importing Assets/_Sheepwalk/Assets/Platforms/Medium Platform.prefab using Guid(cddf73afacff957479db9e47326e283f) Importer(815301076,1909f56bfc062723c751e8b465ee728b)  -> (artifact id: '84646651bfb866cec5e9ab225d3764e1') in 0.010132 seconds 
========================================================================
Received Import Request.
  Time since last request: 0.790324 seconds.
  path: Assets/_Sheepwalk/Assets/Platforms/Medium Platform.prefab
  artifactKey: Guid(cddf73afacff957479db9e47326e283f) Importer(815301076,1909f56bfc062723c751e8b465ee728b)
Start importing Assets/_Sheepwalk/Assets/Platforms/Medium Platform.prefab using Guid(cddf73afacff957479db9e47326e283f) Importer(815301076,1909f56bfc062723c751e8b465ee728b)  -> (artifact id: '8d19da932b8b5c8853b0f15972b5353f') in 0.011740 seconds 
========================================================================
Received Import Request.
  Time since last request: 5.476033 seconds.
  path: Assets/_Sheepwalk/Assets/Platforms/Medium Platform.prefab
  artifactKey: Guid(cddf73afacff957479db9e47326e283f) Importer(815301076,1909f56bfc062723c751e8b465ee728b)
Start importing Assets/_Sheepwalk/Assets/Platforms/Medium Platform.prefab using Guid(cddf73afacff957479db9e47326e283f) Importer(815301076,1909f56bfc062723c751e8b465ee728b)  -> (artifact id: '1a87d6392217d964831b745295f0e003') in 0.046636 seconds 
========================================================================
Received Import Request.
  Time since last request: 0.950909 seconds.
  path: Assets/_Sheepwalk/Assets/Platforms/Medium Platform.prefab
  artifactKey: Guid(cddf73afacff957479db9e47326e283f) Importer(815301076,1909f56bfc062723c751e8b465ee728b)
Start importing Assets/_Sheepwalk/Assets/Platforms/Medium Platform.prefab using Guid(cddf73afacff957479db9e47326e283f) Importer(815301076,1909f56bfc062723c751e8b465ee728b)  -> (artifact id: '76210bc829b143df1d9d7b43b319f17d') in 0.010030 seconds 
========================================================================
Received Import Request.
  Time since last request: 2.009432 seconds.
  path: Assets/_Sheepwalk/Assets/Platforms/Medium Platform.prefab
  artifactKey: Guid(cddf73afacff957479db9e47326e283f) Importer(815301076,1909f56bfc062723c751e8b465ee728b)
Start importing Assets/_Sheepwalk/Assets/Platforms/Medium Platform.prefab using Guid(cddf73afacff957479db9e47326e283f) Importer(815301076,1909f56bfc062723c751e8b465ee728b)  -> (artifact id: '2c521cafb693bd848fa40262c6cc5050') in 0.010292 seconds 
========================================================================
Received Import Request.
  Time since last request: 2.819708 seconds.
  path: Assets/_Sheepwalk/Assets/Platforms/Medium Platform.prefab
  artifactKey: Guid(cddf73afacff957479db9e47326e283f) Importer(815301076,1909f56bfc062723c751e8b465ee728b)
Start importing Assets/_Sheepwalk/Assets/Platforms/Medium Platform.prefab using Guid(cddf73afacff957479db9e47326e283f) Importer(815301076,1909f56bfc062723c751e8b465ee728b)  -> (artifact id: 'a48edcd1bd639df37705302deb85337a') in 0.011452 seconds 
========================================================================
Received Import Request.
  Time since last request: 2.602636 seconds.
  path: Assets/_Sheepwalk/Assets/Platforms/Medium Platform.prefab
  artifactKey: Guid(cddf73afacff957479db9e47326e283f) Importer(815301076,1909f56bfc062723c751e8b465ee728b)
Start importing Assets/_Sheepwalk/Assets/Platforms/Medium Platform.prefab using Guid(cddf73afacff957479db9e47326e283f) Importer(815301076,1909f56bfc062723c751e8b465ee728b)  -> (artifact id: '83e6c500cb29faf7207f7725747253dc') in 0.009779 seconds 
========================================================================
Received Import Request.
  Time since last request: 11.426163 seconds.
  path: Assets/_Sheepwalk/Assets/Materials/M_Plattest.mat
  artifactKey: Guid(900db647286c8f64787d9368be77e7e6) Importer(815301076,1909f56bfc062723c751e8b465ee728b)
Start importing Assets/_Sheepwalk/Assets/Materials/M_Plattest.mat using Guid(900db647286c8f64787d9368be77e7e6) Importer(815301076,1909f56bfc062723c751e8b465ee728b)  -> (artifact id: 'f6c51e4e63fdb68b47566ebcd73ff157') in 0.033426 seconds 
========================================================================
Received Import Request.
  Time since last request: 7.096640 seconds.
  path: Assets/_Sheepwalk/Assets/Platforms/Medium Platform.prefab
  artifactKey: Guid(cddf73afacff957479db9e47326e283f) Importer(815301076,1909f56bfc062723c751e8b465ee728b)
Start importing Assets/_Sheepwalk/Assets/Platforms/Medium Platform.prefab using Guid(cddf73afacff957479db9e47326e283f) Importer(815301076,1909f56bfc062723c751e8b465ee728b)  -> (artifact id: '29e894c4ede42fa6ee56b845ec6110fb') in 0.012022 seconds 
========================================================================
Received Import Request.
  Time since last request: 13.251815 seconds.
  path: Assets/_Sheepwalk/Assets/Platforms/Platform_Medium.prefab
  artifactKey: Guid(cddf73afacff957479db9e47326e283f) Importer(815301076,1909f56bfc062723c751e8b465ee728b)
Start importing Assets/_Sheepwalk/Assets/Platforms/Platform_Medium.prefab using Guid(cddf73afacff957479db9e47326e283f) Importer(815301076,1909f56bfc062723c751e8b465ee728b)  -> (artifact id: 'ddd180b451809754ee103eeda75ba994') in 0.018398 seconds 
========================================================================
Received Import Request.
  Time since last request: 4.461186 seconds.
  path: Assets/_Sheepwalk/Assets/Platforms/Platform_Small.prefab
  artifactKey: Guid(284bb23ee9fbe0349824288549d1bb42) Importer(815301076,1909f56bfc062723c751e8b465ee728b)
Start importing Assets/_Sheepwalk/Assets/Platforms/Platform_Small.prefab using Guid(284bb23ee9fbe0349824288549d1bb42) Importer(815301076,1909f56bfc062723c751e8b465ee728b)  -> (artifact id: '3cf8f0d789fdb3b665c66c0bb77bd375') in 0.013792 seconds 
========================================================================
Received Import Request.
  Time since last request: 47.030017 seconds.
  path: Assets/_Sheepwalk/Assets/Platforms/Platform_Medium.prefab
  artifactKey: Guid(cddf73afacff957479db9e47326e283f) Importer(815301076,1909f56bfc062723c751e8b465ee728b)
Start importing Assets/_Sheepwalk/Assets/Platforms/Platform_Medium.prefab using Guid(cddf73afacff957479db9e47326e283f) Importer(815301076,1909f56bfc062723c751e8b465ee728b)  -> (artifact id: '704b851ca7857071008a3ca1c1fdcd73') in 0.012370 seconds 
========================================================================
Received Import Request.
  Time since last request: 3.609832 seconds.
  path: Assets/_Sheepwalk/Assets/Platforms/Platform_Medium.prefab
  artifactKey: Guid(cddf73afacff957479db9e47326e283f) Importer(815301076,1909f56bfc062723c751e8b465ee728b)
Start importing Assets/_Sheepwalk/Assets/Platforms/Platform_Medium.prefab using Guid(cddf73afacff957479db9e47326e283f) Importer(815301076,1909f56bfc062723c751e8b465ee728b)  -> (artifact id: '25d44efeffa7158bc3552bf8f63a5e7d') in 0.013874 seconds 
========================================================================
Received Import Request.
  Time since last request: 2.598987 seconds.
  path: Assets/_Sheepwalk/Assets/Platforms/Platform_Medium.prefab
  artifactKey: Guid(cddf73afacff957479db9e47326e283f) Importer(815301076,1909f56bfc062723c751e8b465ee728b)
Start importing Assets/_Sheepwalk/Assets/Platforms/Platform_Medium.prefab using Guid(cddf73afacff957479db9e47326e283f) Importer(815301076,1909f56bfc062723c751e8b465ee728b)  -> (artifact id: '7f9482769c0b93a3c2a097fa169b9b0c') in 0.015059 seconds 
========================================================================
Received Import Request.
  Time since last request: 109.779418 seconds.
  path: Assets/_Sheepwalk/Assets/Platforms/Plattest_End (1) Variant.prefab
  artifactKey: Guid(f2feb9454241fe34eb73041d73a2e88e) Importer(815301076,1909f56bfc062723c751e8b465ee728b)
Start importing Assets/_Sheepwalk/Assets/Platforms/Plattest_End (1) Variant.prefab using Guid(f2feb9454241fe34eb73041d73a2e88e) Importer(815301076,1909f56bfc062723c751e8b465ee728b)  -> (artifact id: 'fd7fd78a8a9202a09cf3758df1eeecde') in 0.013387 seconds 
========================================================================
Received Import Request.
  Time since last request: 0.000019 seconds.
  path: Assets/_Sheepwalk/Assets/Platforms/Plattest_Mid (1) Variant.prefab
  artifactKey: Guid(b89e500f7f0c261418fcba8bc514b136) Importer(815301076,1909f56bfc062723c751e8b465ee728b)
Start importing Assets/_Sheepwalk/Assets/Platforms/Plattest_Mid (1) Variant.prefab using Guid(b89e500f7f0c261418fcba8bc514b136) Importer(815301076,1909f56bfc062723c751e8b465ee728b)  -> (artifact id: '603c1ef9b5e166f89f157d4ec0724e35') in 0.015107 seconds 
========================================================================
Received Import Request.
  Time since last request: 0.000023 seconds.
  path: Assets/_Sheepwalk/Assets/Platforms/Plattest_Mid Variant.prefab
  artifactKey: Guid(8488a61584a303e4da18159295053241) Importer(815301076,1909f56bfc062723c751e8b465ee728b)
Start importing Assets/_Sheepwalk/Assets/Platforms/Plattest_Mid Variant.prefab using Guid(8488a61584a303e4da18159295053241) Importer(815301076,1909f56bfc062723c751e8b465ee728b)  -> (artifact id: 'e94632d864441efda3f918e550908c70') in 0.016396 seconds 
========================================================================
Received Import Request.
  Time since last request: 10.433227 seconds.
  path: Assets/_Sheepwalk/Assets/Platforms/Plattest_End (1).prefab
  artifactKey: Guid(4762c42995f29314abaa0b830c99d8ad) Importer(815301076,1909f56bfc062723c751e8b465ee728b)
Start importing Assets/_Sheepwalk/Assets/Platforms/Plattest_End (1).prefab using Guid(4762c42995f29314abaa0b830c99d8ad) Importer(815301076,1909f56bfc062723c751e8b465ee728b)  -> (artifact id: '5c4a13c73c883cf8a7ff803454407bad') in 0.012776 seconds 
========================================================================
Received Import Request.
  Time since last request: 0.000032 seconds.
  path: Assets/_Sheepwalk/Assets/Platforms/Plattest_Mid (1).prefab
  artifactKey: Guid(a23babe04020c134391a3edc51225695) Importer(815301076,1909f56bfc062723c751e8b465ee728b)
Start importing Assets/_Sheepwalk/Assets/Platforms/Plattest_Mid (1).prefab using Guid(a23babe04020c134391a3edc51225695) Importer(815301076,1909f56bfc062723c751e8b465ee728b)  -> (artifact id: 'b8ab9c7195aa56cb535228ef4aa4c74b') in 0.016450 seconds 
========================================================================
Received Import Request.
  Time since last request: 17.116311 seconds.
  path: Assets/_Sheepwalk/Assets/Platforms/Plattest_End (1).prefab
  artifactKey: Guid(4762c42995f29314abaa0b830c99d8ad) Importer(815301076,1909f56bfc062723c751e8b465ee728b)
Start importing Assets/_Sheepwalk/Assets/Platforms/Plattest_End (1).prefab using Guid(4762c42995f29314abaa0b830c99d8ad) Importer(815301076,1909f56bfc062723c751e8b465ee728b)  -> (artifact id: '5f24893fee66c95db0e254bf9b05388f') in 0.011315 seconds 
========================================================================
Received Import Request.
  Time since last request: 0.000032 seconds.
  path: Assets/_Sheepwalk/Assets/Platforms/Plattest_Mid (1).prefab
  artifactKey: Guid(a23babe04020c134391a3edc51225695) Importer(815301076,1909f56bfc062723c751e8b465ee728b)
Start importing Assets/_Sheepwalk/Assets/Platforms/Plattest_Mid (1).prefab using Guid(a23babe04020c134391a3edc51225695) Importer(815301076,1909f56bfc062723c751e8b465ee728b)  -> (artifact id: '8c7d2d7e128eb3fb2380e2401d21d0c8') in 0.013924 seconds 
========================================================================
Received Import Request.
  Time since last request: 22.908491 seconds.
  path: Assets/_Sheepwalk/Assets/Platforms/Platform_Big.prefab
  artifactKey: Guid(a8f8f3948c6d403469587bfb474abebe) Importer(815301076,1909f56bfc062723c751e8b465ee728b)
Start importing Assets/_Sheepwalk/Assets/Platforms/Platform_Big.prefab using Guid(a8f8f3948c6d403469587bfb474abebe) Importer(815301076,1909f56bfc062723c751e8b465ee728b)  -> (artifact id: '94ae1bc97ac7e8d7d5995ea1361a4bdd') in 0.003790 seconds 
========================================================================
Received Import Request.
  Time since last request: 6.375169 seconds.
  path: Assets/_Sheepwalk/Assets/Platforms/Platform_Big.prefab
  artifactKey: Guid(a8f8f3948c6d403469587bfb474abebe) Importer(815301076,1909f56bfc062723c751e8b465ee728b)
Start importing Assets/_Sheepwalk/Assets/Platforms/Platform_Big.prefab using Guid(a8f8f3948c6d403469587bfb474abebe) Importer(815301076,1909f56bfc062723c751e8b465ee728b)  -> (artifact id: '55ff06ebaca5fbd57f45d649cb35fc22') in 0.011482 seconds 
========================================================================
Received Import Request.
  Time since last request: 1.819446 seconds.
  path: Assets/_Sheepwalk/Assets/Platforms/Platform_Big.prefab
  artifactKey: Guid(a8f8f3948c6d403469587bfb474abebe) Importer(815301076,1909f56bfc062723c751e8b465ee728b)
Start importing Assets/_Sheepwalk/Assets/Platforms/Platform_Big.prefab using Guid(a8f8f3948c6d403469587bfb474abebe) Importer(815301076,1909f56bfc062723c751e8b465ee728b)  -> (artifact id: 'fa971fb86d21e0895707af8d27935b1b') in 0.008164 seconds 
========================================================================
Received Import Request.
  Time since last request: 1.409380 seconds.
  path: Assets/_Sheepwalk/Assets/Platforms/Platform_Big.prefab
  artifactKey: Guid(a8f8f3948c6d403469587bfb474abebe) Importer(815301076,1909f56bfc062723c751e8b465ee728b)
Start importing Assets/_Sheepwalk/Assets/Platforms/Platform_Big.prefab using Guid(a8f8f3948c6d403469587bfb474abebe) Importer(815301076,1909f56bfc062723c751e8b465ee728b)  -> (artifact id: 'a4cc30118b913999235fc16b5a51472f') in 0.008817 seconds 
========================================================================
Received Import Request.
  Time since last request: 1.826518 seconds.
  path: Assets/_Sheepwalk/Assets/Platforms/Platform_Big.prefab
  artifactKey: Guid(a8f8f3948c6d403469587bfb474abebe) Importer(815301076,1909f56bfc062723c751e8b465ee728b)
Start importing Assets/_Sheepwalk/Assets/Platforms/Platform_Big.prefab using Guid(a8f8f3948c6d403469587bfb474abebe) Importer(815301076,1909f56bfc062723c751e8b465ee728b)  -> (artifact id: '234f069ca7265ead29a64d8238d5bab3') in 0.009106 seconds 
========================================================================
Received Import Request.
  Time since last request: 3.668352 seconds.
  path: Assets/_Sheepwalk/Assets/Platforms/Platform_Big.prefab
  artifactKey: Guid(a8f8f3948c6d403469587bfb474abebe) Importer(815301076,1909f56bfc062723c751e8b465ee728b)
Start importing Assets/_Sheepwalk/Assets/Platforms/Platform_Big.prefab using Guid(a8f8f3948c6d403469587bfb474abebe) Importer(815301076,1909f56bfc062723c751e8b465ee728b)  -> (artifact id: '0dce7b16da3006f144ac55fc86c716b7') in 0.010127 seconds 
========================================================================
Received Import Request.
  Time since last request: 3.423064 seconds.
  path: Assets/_Sheepwalk/Assets/Platforms/Platform_Big.prefab
  artifactKey: Guid(a8f8f3948c6d403469587bfb474abebe) Importer(815301076,1909f56bfc062723c751e8b465ee728b)
Start importing Assets/_Sheepwalk/Assets/Platforms/Platform_Big.prefab using Guid(a8f8f3948c6d403469587bfb474abebe) Importer(815301076,1909f56bfc062723c751e8b465ee728b)  -> (artifact id: '88b9296c9fca0f839166fd2761d02540') in 0.009835 seconds 
========================================================================
Received Import Request.
  Time since last request: 1.590701 seconds.
  path: Assets/_Sheepwalk/Assets/Platforms/Platform_Big.prefab
  artifactKey: Guid(a8f8f3948c6d403469587bfb474abebe) Importer(815301076,1909f56bfc062723c751e8b465ee728b)
Start importing Assets/_Sheepwalk/Assets/Platforms/Platform_Big.prefab using Guid(a8f8f3948c6d403469587bfb474abebe) Importer(815301076,1909f56bfc062723c751e8b465ee728b)  -> (artifact id: '732c8cb37274f1dc1ef655c2471fc68b') in 0.011777 seconds 
========================================================================
Received Import Request.
  Time since last request: 6.877750 seconds.
  path: Assets/_Sheepwalk/Assets/Platforms/Platform_Big.prefab
  artifactKey: Guid(a8f8f3948c6d403469587bfb474abebe) Importer(815301076,1909f56bfc062723c751e8b465ee728b)
Start importing Assets/_Sheepwalk/Assets/Platforms/Platform_Big.prefab using Guid(a8f8f3948c6d403469587bfb474abebe) Importer(815301076,1909f56bfc062723c751e8b465ee728b)  -> (artifact id: '482dbe5704b9bb9de045d9a421d1951a') in 0.009436 seconds 
========================================================================
Received Import Request.
  Time since last request: 4.829192 seconds.
  path: Assets/_Sheepwalk/Assets/Platforms/Platform_Big.prefab
  artifactKey: Guid(a8f8f3948c6d403469587bfb474abebe) Importer(815301076,1909f56bfc062723c751e8b465ee728b)
Start importing Assets/_Sheepwalk/Assets/Platforms/Platform_Big.prefab using Guid(a8f8f3948c6d403469587bfb474abebe) Importer(815301076,1909f56bfc062723c751e8b465ee728b)  -> (artifact id: 'eeff4916f1288b7948aac58637c53f51') in 0.009684 seconds 
========================================================================
Received Import Request.
  Time since last request: 4.628325 seconds.
  path: Assets/_Sheepwalk/Assets/Platforms/Platform_Big.prefab
  artifactKey: Guid(a8f8f3948c6d403469587bfb474abebe) Importer(815301076,1909f56bfc062723c751e8b465ee728b)
Start importing Assets/_Sheepwalk/Assets/Platforms/Platform_Big.prefab using Guid(a8f8f3948c6d403469587bfb474abebe) Importer(815301076,1909f56bfc062723c751e8b465ee728b)  -> (artifact id: '78068c332b5c994e2285b479992d30f6') in 0.012456 seconds 
========================================================================
Received Import Request.
  Time since last request: 8.037456 seconds.
  path: Assets/_Sheepwalk/Assets/Platforms/Platform_Big.prefab
  artifactKey: Guid(a8f8f3948c6d403469587bfb474abebe) Importer(815301076,1909f56bfc062723c751e8b465ee728b)
Start importing Assets/_Sheepwalk/Assets/Platforms/Platform_Big.prefab using Guid(a8f8f3948c6d403469587bfb474abebe) Importer(815301076,1909f56bfc062723c751e8b465ee728b)  -> (artifact id: '9d784350318eb7e64f4a3d444af5fa51') in 0.010160 seconds 
========================================================================
Received Import Request.
  Time since last request: 0.992123 seconds.
  path: Assets/_Sheepwalk/Assets/Platforms/Platform_Big.prefab
  artifactKey: Guid(a8f8f3948c6d403469587bfb474abebe) Importer(815301076,1909f56bfc062723c751e8b465ee728b)
Start importing Assets/_Sheepwalk/Assets/Platforms/Platform_Big.prefab using Guid(a8f8f3948c6d403469587bfb474abebe) Importer(815301076,1909f56bfc062723c751e8b465ee728b)  -> (artifact id: '35c4afced8e12be76d12a86ed2fd7550') in 0.009421 seconds 
========================================================================
Received Import Request.
  Time since last request: 1.609313 seconds.
  path: Assets/_Sheepwalk/Assets/Platforms/Platform_Big.prefab
  artifactKey: Guid(a8f8f3948c6d403469587bfb474abebe) Importer(815301076,1909f56bfc062723c751e8b465ee728b)
Start importing Assets/_Sheepwalk/Assets/Platforms/Platform_Big.prefab using Guid(a8f8f3948c6d403469587bfb474abebe) Importer(815301076,1909f56bfc062723c751e8b465ee728b)  -> (artifact id: '68a3482f0d82fd6cfe987c28e7c7910e') in 0.008450 seconds 
========================================================================
Received Import Request.
  Time since last request: 7.833252 seconds.
  path: Assets/_Sheepwalk/Assets/Platforms/Platform_Big.prefab
  artifactKey: Guid(a8f8f3948c6d403469587bfb474abebe) Importer(815301076,1909f56bfc062723c751e8b465ee728b)
Start importing Assets/_Sheepwalk/Assets/Platforms/Platform_Big.prefab using Guid(a8f8f3948c6d403469587bfb474abebe) Importer(815301076,1909f56bfc062723c751e8b465ee728b)  -> (artifact id: 'efe3e36487451c48eca2b7e123828c04') in 0.008910 seconds 
========================================================================
Received Import Request.
  Time since last request: 2.807469 seconds.
  path: Assets/_Sheepwalk/Assets/Platforms/Platform_Big.prefab
  artifactKey: Guid(a8f8f3948c6d403469587bfb474abebe) Importer(815301076,1909f56bfc062723c751e8b465ee728b)
Start importing Assets/_Sheepwalk/Assets/Platforms/Platform_Big.prefab using Guid(a8f8f3948c6d403469587bfb474abebe) Importer(815301076,1909f56bfc062723c751e8b465ee728b)  -> (artifact id: '988c2b0180a6ab84009045d5818b3085') in 0.009687 seconds 
========================================================================
Received Import Request.
  Time since last request: 4.821550 seconds.
  path: Assets/_Sheepwalk/Assets/Platforms/Platform_Big.prefab
  artifactKey: Guid(a8f8f3948c6d403469587bfb474abebe) Importer(815301076,1909f56bfc062723c751e8b465ee728b)
Start importing Assets/_Sheepwalk/Assets/Platforms/Platform_Big.prefab using Guid(a8f8f3948c6d403469587bfb474abebe) Importer(815301076,1909f56bfc062723c751e8b465ee728b)  -> (artifact id: '44efa7181fa940233087b3b0e2b0b3b0') in 0.009178 seconds 
========================================================================
Received Import Request.
  Time since last request: 13.131215 seconds.
  path: Assets/_Sheepwalk/Assets/Platforms/Platform_Big.prefab
  artifactKey: Guid(a8f8f3948c6d403469587bfb474abebe) Importer(815301076,1909f56bfc062723c751e8b465ee728b)
Start importing Assets/_Sheepwalk/Assets/Platforms/Platform_Big.prefab using Guid(a8f8f3948c6d403469587bfb474abebe) Importer(815301076,1909f56bfc062723c751e8b465ee728b)  -> (artifact id: '98096cc87972661f0a4791f6e26fec72') in 0.012883 seconds 
========================================================================
Received Import Request.
  Time since last request: 5.597483 seconds.
  path: Assets/_Sheepwalk/Assets/Platforms/Platform_Big.prefab
  artifactKey: Guid(a8f8f3948c6d403469587bfb474abebe) Importer(815301076,1909f56bfc062723c751e8b465ee728b)
Start importing Assets/_Sheepwalk/Assets/Platforms/Platform_Big.prefab using Guid(a8f8f3948c6d403469587bfb474abebe) Importer(815301076,1909f56bfc062723c751e8b465ee728b)  -> (artifact id: 'eb71f0e3f835398b27884cca958db468') in 0.016570 seconds 
